1628103722.378536 client started (9453): socket /tmp/tmux-1000/default, protocol 8
1628103722.378606 on Linux 4.9.0-16-amd64 #1 SMP Debian 4.9.272-2 (2021-07-19); libevent 2.0.21-stable (poll)
1628103722.378648 socket is /tmp/tmux-1000/default
1628103722.378673 trying connect
1628103722.378805 add peer 0x555b9e5029d0: 6 ((nil))
1628103722.378939 sending message 100 to peer 0x555b9e5029d0 (4 bytes)
1628103722.378963 sending message 101 to peer 0x555b9e5029d0 (16 bytes)
1628103722.378977 sending message 102 to peer 0x555b9e5029d0 (11 bytes)
1628103722.378991 sending message 108 to peer 0x555b9e5029d0 (41 bytes)
1628103722.379007 sending message 104 to peer 0x555b9e5029d0 (0 bytes)
1628103722.379023 sending message 107 to peer 0x555b9e5029d0 (4 bytes)
1628103722.379038 sending message 105 to peer 0x555b9e5029d0 (1468 bytes)
1628103722.379067 sending message 105 to peer 0x555b9e5029d0 (22 bytes)
1628103722.379082 sending message 105 to peer 0x555b9e5029d0 (16 bytes)
1628103722.379095 sending message 105 to peer 0x555b9e5029d0 (13 bytes)
1628103722.379110 sending message 105 to peer 0x555b9e5029d0 (42 bytes)
1628103722.379124 sending message 105 to peer 0x555b9e5029d0 (13 bytes)
1628103722.379137 sending message 105 to peer 0x555b9e5029d0 (20 bytes)
1628103722.379150 sending message 105 to peer 0x555b9e5029d0 (11 bytes)
1628103722.379163 sending message 105 to peer 0x555b9e5029d0 (47 bytes)
1628103722.379176 sending message 105 to peer 0x555b9e5029d0 (21 bytes)
1628103722.379189 sending message 105 to peer 0x555b9e5029d0 (17 bytes)
1628103722.379204 sending message 105 to peer 0x555b9e5029d0 (51 bytes)
1628103722.379217 sending message 105 to peer 0x555b9e5029d0 (13 bytes)
1628103722.379231 sending message 105 to peer 0x555b9e5029d0 (20 bytes)
1628103722.379244 sending message 105 to peer 0x555b9e5029d0 (33 bytes)
1628103722.379257 sending message 105 to peer 0x555b9e5029d0 (45 bytes)
1628103722.379270 sending message 105 to peer 0x555b9e5029d0 (19 bytes)
1628103722.379283 sending message 105 to peer 0x555b9e5029d0 (19 bytes)
1628103722.379296 sending message 105 to peer 0x555b9e5029d0 (19 bytes)
1628103722.379310 sending message 105 to peer 0x555b9e5029d0 (35 bytes)
1628103722.379323 sending message 105 to peer 0x555b9e5029d0 (21 bytes)
1628103722.379337 sending message 105 to peer 0x555b9e5029d0 (95 bytes)
1628103722.379350 sending message 105 to peer 0x555b9e5029d0 (37 bytes)
1628103722.379364 sending message 105 to peer 0x555b9e5029d0 (20 bytes)
1628103722.379377 sending message 105 to peer 0x555b9e5029d0 (28 bytes)
1628103722.379390 sending message 105 to peer 0x555b9e5029d0 (17 bytes)
1628103722.379403 sending message 105 to peer 0x555b9e5029d0 (21 bytes)
1628103722.379416 sending message 105 to peer 0x555b9e5029d0 (16 bytes)
1628103722.379430 sending message 105 to peer 0x555b9e5029d0 (52 bytes)
1628103722.379443 sending message 105 to peer 0x555b9e5029d0 (25 bytes)
1628103722.379456 sending message 105 to peer 0x555b9e5029d0 (35 bytes)
1628103722.379469 sending message 105 to peer 0x555b9e5029d0 (13 bytes)
1628103722.379483 sending message 105 to peer 0x555b9e5029d0 (15 bytes)
1628103722.379496 sending message 105 to peer 0x555b9e5029d0 (8 bytes)
1628103722.379509 sending message 105 to peer 0x555b9e5029d0 (18 bytes)
1628103722.379522 sending message 105 to peer 0x555b9e5029d0 (28 bytes)
1628103722.379535 sending message 105 to peer 0x555b9e5029d0 (16 bytes)
1628103722.379548 sending message 105 to peer 0x555b9e5029d0 (54 bytes)
1628103722.379561 sending message 105 to peer 0x555b9e5029d0 (31 bytes)
1628103722.379574 sending message 105 to peer 0x555b9e5029d0 (37 bytes)
1628103722.379587 sending message 105 to peer 0x555b9e5029d0 (58 bytes)
1628103722.379600 sending message 105 to peer 0x555b9e5029d0 (25 bytes)
1628103722.379613 sending message 105 to peer 0x555b9e5029d0 (72 bytes)
1628103722.379627 sending message 105 to peer 0x555b9e5029d0 (84 bytes)
1628103722.379640 sending message 105 to peer 0x555b9e5029d0 (16 bytes)
1628103722.379653 sending message 105 to peer 0x555b9e5029d0 (16 bytes)
1628103722.379666 sending message 106 to peer 0x555b9e5029d0 (0 bytes)
1628103722.379698 sending message 200 to peer 0x555b9e5029d0 (4 bytes)
1628103722.379711 client loop enter
1628103722.380403 peer 0x555b9e5029d0 message 211
1628103722.380452 peer 0x555b9e5029d0 message 203
1628103722.380467 client loop exit
